<?xml version="1.0" encoding="UTF-8"?>
<!-- Generated by org.testng.reporters.JUnitReportReporter -->
<testsuite hostname="DESKTOP-IRER75K" failures="0" tests="6" name="Testing_scrpits.Runner" time="0.073" errors="0" timestamp="2023-12-18T13:15:37 IST" skipped="0">
  <testcase classname="Testing_scrpits.Runner" name="sample" time="0.027"/>
  <system-out/>
  <testcase classname="Testing_scrpits.Runner" name="sample" time="0.013"/>
  <system-out/>
  <testcase classname="Testing_scrpits.Runner" name="sample" time="0.008"/>
  <system-out/>
  <testcase classname="Testing_scrpits.Runner" name="sample" time="0.009"/>
  <system-out/>
  <testcase classname="Testing_scrpits.Runner" name="sample" time="0.005"/>
  <system-out/>
  <testcase classname="Testing_scrpits.Runner" name="sample1" time="0.011"/>
  <system-out/>
</testsuite> <!-- Testing_scrpits.Runner -->
