<?xml version="1.0" encoding="UTF-8"?>
<!-- Generated by org.testng.reporters.JUnitReportReporter -->
<testsuite hostname="DESKTOP-IRER75K" failures="0" tests="1" name="testng_framework.Runner" time="22.985" errors="0" timestamp="2023-12-19T13:28:47 IST" skipped="0">
  <testcase classname="testng_framework.Runner" name="run" time="22.985"/>
  <system-out/>
</testsuite> <!-- testng_framework.Runner -->
