<?xml version="1.0" encoding="UTF-8"?>
<!-- Generated by org.testng.reporters.JUnitReportReporter -->
<testsuite hostname="DESKTOP-IRER75K" failures="0" tests="1" name="Hybrid_framework.pom_fb_runner" time="13.547" errors="0" timestamp="2023-12-22T13:46:34 IST" skipped="0">
  <testcase classname="Hybrid_framework.pom_fb_runner" name="run" time="13.547"/>
  <system-out/>
</testsuite> <!-- Hybrid_framework.pom_fb_runner -->
