<?xml version="1.0" encoding="UTF-8"?>
<!-- Generated by org.testng.reporters.JUnitReportReporter -->
<testsuite hostname="DESKTOP-IRER75K" failures="0" tests="1" name="Hybrid_framework.fb_runner_hybrid" time="18.566" errors="0" timestamp="2023-12-22T13:36:10 IST" skipped="0">
  <testcase classname="Hybrid_framework.fb_runner_hybrid" name="run" time="18.566"/>
  <system-out/>
</testsuite> <!-- Hybrid_framework.fb_runner_hybrid -->
