<?xml version="1.0" encoding="UTF-8"?>
<!-- Generated by org.testng.reporters.JUnitReportReporter -->
<testsuite hostname="DESKTOP-IRER75K" failures="0" tests="1" name="JDBC.Handle_jdbc" time="1.854" errors="0" timestamp="2023-12-27T14:30:51 IST" skipped="0">
  <testcase classname="JDBC.Handle_jdbc" name="getdata" time="1.854"/>
  <system-out/>
</testsuite> <!-- JDBC.Handle_jdbc -->
