<?xml version="1.0" encoding="UTF-8"?>
<!-- Generated by org.testng.reporters.JUnitReportReporter -->
<testsuite hostname="DESKTOP-IRER75K" failures="0" tests="1" name="pom_scripts.fb_nElements_runner" time="22.532" errors="0" timestamp="2023-12-22T12:44:15 IST" skipped="0">
  <testcase classname="pom_scripts.fb_nElements_runner" name="run" time="22.532"/>
  <system-out/>
</testsuite> <!-- pom_scripts.fb_nElements_runner -->
