<?xml version="1.0" encoding="UTF-8"?>
<!-- Generated by org.testng.reporters.JUnitReportReporter -->
<testsuite hostname="DESKTOP-IRER75K" failures="0" tests="4" name="Testing_scrpits.Runner1" time="0.050" errors="0" timestamp="2023-12-18T13:22:18 IST" skipped="0">
  <testcase classname="Testing_scrpits.Runner1" name="trash" time="0.005"/>
  <system-out/>
  <testcase classname="Testing_scrpits.Runner1" name="sentitems" time="0.007"/>
  <system-out/>
  <testcase classname="Testing_scrpits.Runner1" name="compose" time="0.035"/>
  <system-out/>
  <testcase classname="Testing_scrpits.Runner1" name="send" time="0.003"/>
  <system-out/>
</testsuite> <!-- Testing_scrpits.Runner1 -->
